<?xml version="1.0" encoding="UTF-8"?>
<robot generator="Robot 3.0.2 (Python 3.6.3 on win32)" generated="20171125 11:39:02.964">
<suite id="s1" name="Register.Spec" source="C:\Users\informatics\workspace\first-robot\register.spec.robot">
<test id="s1-t1" name="Open Register Page Successful">
<kw name="Open Browser" library="SeleniumLibrary">
<doc>Opens a new browser instance to the given ``url``.</doc>
<arguments>
<arg>http://bit.ly/2BajZDe</arg>
<arg>chrome</arg>
</arguments>
<msg timestamp="20171125 11:39:03.076" level="INFO">Opening browser 'chrome' to base url 'http://bit.ly/2BajZDe'.</msg>
<status status="PASS" starttime="20171125 11:39:03.076" endtime="20171125 11:39:07.090"></status>
</kw>
<status status="PASS" starttime="20171125 11:39:03.076" endtime="20171125 11:39:07.090" critical="yes"></status>
</test>
<test id="s1-t2" name="Register Page Check All Required Fields">
<kw name="Open Browser" library="SeleniumLibrary">
<doc>Opens a new browser instance to the given ``url``.</doc>
<arguments>
<arg>http://bit.ly/2BajZDe</arg>
<arg>chrome</arg>
</arguments>
<msg timestamp="20171125 11:39:07.092" level="INFO">Opening browser 'chrome' to base url 'http://bit.ly/2BajZDe'.</msg>
<status status="PASS" starttime="20171125 11:39:07.091" endtime="20171125 11:39:11.107"></status>
</kw>
<kw name="Click Element" library="SeleniumLibrary">
<doc>Click element identified by ``locator``.</doc>
<arguments>
<arg>id=btn_submit</arg>
</arguments>
<msg timestamp="20171125 11:39:11.108" level="INFO">Clicking element 'id=btn_submit'.</msg>
<status status="PASS" starttime="20171125 11:39:11.107" endtime="20171125 11:39:11.216"></status>
</kw>
<kw name="Wait Until Page Contains" library="SeleniumLibrary">
<doc>Waits until ``text`` appears on current page.</doc>
<arguments>
<arg>The Email field is required.</arg>
</arguments>
<status status="PASS" starttime="20171125 11:39:11.216" endtime="20171125 11:39:11.240"></status>
</kw>
<kw name="Wait Until Page Contains" library="SeleniumLibrary">
<doc>Waits until ``text`` appears on current page.</doc>
<arguments>
<arg>The Password field is required.</arg>
</arguments>
<status status="PASS" starttime="20171125 11:39:11.240" endtime="20171125 11:39:11.261"></status>
</kw>
<kw name="Wait Until Page Contains" library="SeleniumLibrary">
<doc>Waits until ``text`` appears on current page.</doc>
<arguments>
<arg>The Re-type Password field is required.</arg>
</arguments>
<status status="PASS" starttime="20171125 11:39:11.261" endtime="20171125 11:39:11.278"></status>
</kw>
<kw name="Wait Until Page Contains" library="SeleniumLibrary">
<doc>Waits until ``text`` appears on current page.</doc>
<arguments>
<arg>The Name field is required.</arg>
</arguments>
<status status="PASS" starttime="20171125 11:39:11.278" endtime="20171125 11:39:11.294"></status>
</kw>
<status status="PASS" starttime="20171125 11:39:07.091" endtime="20171125 11:39:11.294" critical="yes"></status>
</test>
<kw name="Close All Browsers" library="SeleniumLibrary" type="teardown">
<doc>Closes all open browsers and resets the browser cache.</doc>
<status status="PASS" starttime="20171125 11:39:11.294" endtime="20171125 11:39:17.375"></status>
</kw>
<status status="PASS" starttime="20171125 11:39:02.964" endtime="20171125 11:39:17.375"></status>
</suite>
<statistics>
<total>
<stat pass="2" fail="0">Critical Tests</stat>
<stat pass="2" fail="0">All Tests</stat>
</total>
<tag>
</tag>
<suite>
<stat pass="2" fail="0" id="s1" name="Register.Spec">Register.Spec</stat>
</suite>
</statistics>
<errors>
</errors>
</robot>
